/*C1*/SET SCHEMA SYSTEM_LOBS
INSERT INTO BLOCKS VALUES(0,2147483647,0)
COMMIT
/*C2*/SET SCHEMA PUBLIC
DISCONNECT
/*C3*/SET SCHEMA PUBLIC
DISCONNECT
/*C4*/SET SCHEMA PUBLIC
DISCONNECT
/*C5*/SET SCHEMA PUBLIC
DISCONNECT
/*C6*/SET SCHEMA PUBLIC
DISCONNECT
/*C7*/SET SCHEMA PUBLIC
DISCONNECT
/*C9*/SET SCHEMA PUBLIC
DISCONNECT
/*C10*/SET SCHEMA PUBLIC
DISCONNECT
/*C11*/SET SCHEMA PUBLIC
DISCONNECT
/*C12*/SET SCHEMA PUBLIC
DISCONNECT
/*C13*/SET SCHEMA PUBLIC
DISCONNECT
/*C14*/SET SCHEMA PUBLIC
DISCONNECT
/*C15*/SET SCHEMA PUBLIC
DISCONNECT
/*C16*/SET SCHEMA PUBLIC
DISCONNECT
/*C17*/SET SCHEMA PUBLIC
DISCONNECT
/*C18*/SET SCHEMA PUBLIC
CREATE TABLE CARDREF (ID BIGINT GENERATED BY DEFAULT AS IDENTITY (START WITH 1 INCREMENT BY 1) NOT NULL, BLACKLISTED BOOLEAN, CARDNUMBER VARCHAR(255), CARDTYPE VARCHAR(255), PRIMARY KEY (ID))
CREATE TABLE PAYMENT (ID BIGINT GENERATED BY DEFAULT AS IDENTITY (START WITH 1 INCREMENT BY 1) NOT NULL, AMOUNT INTEGER, AUTHORID BIGINT, AUTHORIZED BOOLEAN, BANKCALLED BOOLEAN, CARDNUMBER VARCHAR(255), CARDTYPE VARCHAR(255), DATETIME TIMESTAMP, EXPIRYDATE VARCHAR(255), POSID VARCHAR(255), PROCESSINGMODE VARCHAR(255), REPONSETIME BIGINT, RESPONSECODE VARCHAR(255), PRIMARY KEY (ID))
CREATE TABLE POSREF (ID BIGINT GENERATED BY DEFAULT AS IDENTITY (START WITH 1 INCREMENT BY 1) NOT NULL, ACTIVE BOOLEAN, LOCATION VARCHAR(255), POSID VARCHAR(255), PRIMARY KEY (ID))
ALTER TABLE CARDREF ADD CONSTRAINT UNQ_CARDREF_2 UNIQUE (CARDNUMBER)
ALTER TABLE POSREF ADD CONSTRAINT UNQ_POSREF_3 UNIQUE (POSID)
INSERT INTO POSREF VALUES(1,TRUE,'Vallauris','POS-01')
COMMIT
INSERT INTO POSREF VALUES(2,TRUE,'Blois','POS-02')
COMMIT
INSERT INTO POSREF VALUES(3,FALSE,'Paris','POS-03')
COMMIT
INSERT INTO CARDREF VALUES(1,TRUE,'4485248221242242','VISA')
COMMIT
INSERT INTO CARDREF VALUES(2,TRUE,'5261749597812879','MASTERCARD')
COMMIT
INSERT INTO CARDREF VALUES(3,TRUE,'6011191990123805','DISCOVER')
COMMIT
INSERT INTO CARDREF VALUES(4,TRUE,'343506189778618','AMERICAN_EXPRESS')
COMMIT
INSERT INTO CARDREF VALUES(5,TRUE,'36031319313683','DINERS_CLUB')
COMMIT
INSERT INTO CARDREF VALUES(6,TRUE,'6289193933258511','CHINA_UNION_PAY')
COMMIT
/*C23*/SET SCHEMA PUBLIC
CREATE TABLE BANKAUTHOR (ID BIGINT GENERATED BY DEFAULT AS IDENTITY (START WITH 1 INCREMENT BY 1) NOT NULL, AMOUNT INTEGER, AUTHORIZED BOOLEAN, CARDNUMBER VARCHAR(255), DATETIME TIMESTAMP, EXPIRYDATE VARCHAR(255), MERCHANTID VARCHAR(255), PRIMARY KEY (ID))
